0:0:0:0:0:0:0:1 - - [2018-07-17 09:48:48] "GET /user/selectAll HTTP/1.1" 200 1252  1085
0:0:0:0:0:0:0:1 - - [2018-07-17 09:48:49] "GET /favicon.ico HTTP/1.1" 404 327  7
0:0:0:0:0:0:0:1 - - [2018-07-17 09:52:19] "GET /user/selectAll HTTP/1.1" 404 390  410
0:0:0:0:0:0:0:1 - - [2018-07-17 09:59:04] "GET /user/selectAll HTTP/1.1" 200 1252  985
0:0:0:0:0:0:0:1 - - [2018-07-17 09:59:45] "GET /user/selectAll HTTP/1.1" 500 21633  1007
0:0:0:0:0:0:0:1 - - [2018-07-17 10:02:41] "GET /user/selectAll HTTP/1.1" 200 2035  975
0:0:0:0:0:0:0:1 - - [2018-07-17 10:07:33] "GET /user/selectAll HTTP/1.1" 200 1856  979
0:0:0:0:0:0:0:1 - - [2018-07-17 11:05:01] "GET /user/selectAll HTTP/1.1" 200 2549  1003
0:0:0:0:0:0:0:1 - - [2018-07-17 11:05:28] "GET /user/insert?user.id=3&user.userName=zhangsan&user.age=11&user.password=123456 HTTP/1.1" 500 37282  71
0:0:0:0:0:0:0:1 - - [2018-07-17 11:06:49] "GET /user/selectAll HTTP/1.1" 200 2549  1013
0:0:0:0:0:0:0:1 - - [2018-07-17 11:12:09] "GET /user/insert?user.id=3&user.userName=zhangsan&user.age=11&user.password=123456 HTTP/1.1" 500 16389  63
0:0:0:0:0:0:0:1 - - [2018-07-17 11:12:13] "GET /user/selectAll HTTP/1.1" 200 2529  948
0:0:0:0:0:0:0:1 - - [2018-07-17 11:12:29] "GET /user/insert?id=3&userName=zhangsan&age=11&password=123456 HTTP/1.1" 200 1271  143479
0:0:0:0:0:0:0:1 - - [2018-07-17 11:15:23] "GET /user/selectAll HTTP/1.1" 200 2827  5
0:0:0:0:0:0:0:1 - - [2018-07-17 11:15:28] "GET /user/delete?3 HTTP/1.1" 500 17529  7
0:0:0:0:0:0:0:1 - - [2018-07-17 11:17:23] "GET /user/selectAll HTTP/1.1" 200 2845  1003
0:0:0:0:0:0:0:1 - - [2018-07-17 11:17:26] "GET /user/delete?id=3 HTTP/1.1" 200 1271  4083
0:0:0:0:0:0:0:1 - - [2018-07-17 11:17:38] "GET /user/selectAll HTTP/1.1" 200 2541  6
0:0:0:0:0:0:0:1 - - [2018-07-17 11:21:23] "GET /user/selectAll HTTP/1.1" 200 2870  992
0:0:0:0:0:0:0:1 - - [2018-07-17 11:21:37] "GET /user/insert?id=3&userName=zhangsan&age=11&password=123456 HTTP/1.1" 200 1271  5754
0:0:0:0:0:0:0:1 - - [2018-07-17 11:22:22] "GET /user/selectAll HTTP/1.1" 200 3174  998
0:0:0:0:0:0:0:1 - - [2018-07-17 11:22:48] "GET /user/edit?id=3&userName=%E6%9D%8E%E5%9B%9B&age=11&password=123456 HTTP/1.1" 200 2267  22
0:0:0:0:0:0:0:1 - - [2018-07-17 11:23:02] "GET /user/selectAll HTTP/1.1" 200 3168  5
0:0:0:0:0:0:0:1 - - [2018-07-17 11:25:33] "GET /user/edit?id=3&userName=%E6%9D%8E%E5%9B%9B&age=11&password=123456 HTTP/1.1" 200 2267  18325
0:0:0:0:0:0:0:1 - - [2018-07-17 11:25:57] "GET /user/selectAll HTTP/1.1" 200 3168  31
0:0:0:0:0:0:0:1 - - [2018-07-17 11:33:35] "GET /user/edit?id=3&userName=%E6%9D%8E%E5%9B%9B&age=11&password=123456 HTTP/1.1" 200 2267  5002
0:0:0:0:0:0:0:1 - - [2018-07-17 11:33:45] "GET /user/selectAll HTTP/1.1" 200 3172  31
0:0:0:0:0:0:0:1 - - [2018-07-17 11:38:31] "GET /user/selectAll HTTP/1.1" 200 3172  994
0:0:0:0:0:0:0:1 - - [2018-07-17 11:38:51] "GET /user/insert?id=4&userName=%E7%8E%8B%E4%BA%94&age=11&password=123456 HTTP/1.1" 200 2267  2808
0:0:0:0:0:0:0:1 - - [2018-07-17 11:39:02] "GET /user/selectAll HTTP/1.1" 200 3474  6
