0:0:0:0:0:0:0:1 - - [2018-07-16 19:25:08] "GET /test HTTP/1.1" 500 16862  58
0:0:0:0:0:0:0:1 - - [2018-07-16 19:25:08] "GET /favicon.ico HTTP/1.1" 404 327  3
0:0:0:0:0:0:0:1 - - [2018-07-16 19:25:18] "GET /test HTTP/1.1" 500 18002  6
0:0:0:0:0:0:0:1 - - [2018-07-16 19:39:10] "GET /test HTTP/1.1" 500 16862  57
0:0:0:0:0:0:0:1 - - [2018-07-16 19:45:17] "GET /test HTTP/1.1" 500 16862  59
0:0:0:0:0:0:0:1 - - [2018-07-16 19:51:12] "GET /test HTTP/1.1" 500 16862  57
0:0:0:0:0:0:0:1 - - [2018-07-16 19:56:34] "GET /test HTTP/1.1" 500 25690  59
0:0:0:0:0:0:0:1 - - [2018-07-16 20:25:55] "GET /test HTTP/1.1" 404 320  35
0:0:0:0:0:0:0:1 - - [2018-07-16 20:26:04] "GET /user/insert HTTP/1.1" 500 15345  26
0:0:0:0:0:0:0:1 - - [2018-07-16 20:28:24] "GET /user/insert HTTP/1.1" 500 15933  5
0:0:0:0:0:0:0:1 - - [2018-07-16 20:28:55] "GET /user/insert HTTP/1.1" 500 14793  55
0:0:0:0:0:0:0:1 - - [2018-07-16 20:30:17] "GET /user/insert HTTP/1.1" 500 14793  56
0:0:0:0:0:0:0:1 - - [2018-07-16 20:30:26] "GET /user/select HTTP/1.1" 500 16941  11
0:0:0:0:0:0:0:1 - - [2018-07-16 20:30:40] "GET /user/select?1 HTTP/1.1" 500 17529  8
0:0:0:0:0:0:0:1 - - [2018-07-16 20:31:30] "GET /user/select HTTP/1.1" 200 1271  850
0:0:0:0:0:0:0:1 - - [2018-07-16 20:31:40] "GET /user/insert HTTP/1.1" 500 15933  18
0:0:0:0:0:0:0:1 - - [2018-07-16 22:43:36] "GET /user/selectAll HTTP/1.1" 404 330  36
0:0:0:0:0:0:0:1 - - [2018-07-16 22:43:36] "GET /favicon.ico HTTP/1.1" 404 327  2
0:0:0:0:0:0:0:1 - - [2018-07-16 22:45:03] "GET /user/selectAll HTTP/1.1" 500 16827  58
0:0:0:0:0:0:0:1 - - [2018-07-16 22:53:55] "GET /user/selectAll HTTP/1.1" 500 16827  55
0:0:0:0:0:0:0:1 - - [2018-07-16 23:00:04] "GET /user/selectAll HTTP/1.1" 500 16827  58
0:0:0:0:0:0:0:1 - - [2018-07-16 23:00:08] "GET /user/selectAll HTTP/1.1" 500 17379  8
0:0:0:0:0:0:0:1 - - [2018-07-16 23:06:40] "GET /user/selectAll HTTP/1.1" 500 16827  55
0:0:0:0:0:0:0:1 - - [2018-07-16 23:29:14] "GET /user/ HTTP/1.1" 500 14004  138
0:0:0:0:0:0:0:1 - - [2018-07-16 23:29:14] "GET /favicon.ico HTTP/1.1" 404 327  3
0:0:0:0:0:0:0:1 - - [2018-07-16 23:43:38] "GET /user/ HTTP/1.1" 200 1252  882
